Entered qReq and Locked
Entered qReq
Entered qReq and Locked
Entered qReq
Entered qReq and Locked
Entered qReq
Entered qReq and Locked
Entered qReq
Entered qReq and Locked
Entered qReq
Entered qReq and Locked
Entered qReq
Entered qReq and Locked
Entered qReq
Entered qReq and Locked
Entered qReq
Entered qReq and Locked
Entered qReq
Entered qReq and Locked
Entered qReq
Entered qReq and Locked
Entered qReq
Entered qReq and Locked
Entered qReq
Entered qReq and Locked
Entered qReq
Entered qReq and Locked
Entered qReq
Entered qReq and Locked
Entered qReq
Entered qReq and Locked
Entered qReq
Entered qReq and Locked
Entered qReq
Entered qReq and Locked
Entered qReq
Entered qReq and Locked
Entered qReq
Entered qReq and Locked
Entered qReq
Entered qReq and Locked
Entered qReq
Entered qReq and Locked
Entered qReq
Entered qReq and Locked
Entered qReq
Entered qReq and Locked
Entered qReq
Entered qReq and Locked
Entered qReq
Entered qReq and Locked
Entered qReq
Entered qReq and Locked
Entered qReq
Entered qReq and Locked
Entered qReq
Entered qReq and Locked
Entered qReq
Entered qReq and Locked
Entered qReq
Entered qReq and Locked
Entered qReq
Entered createReq and locked
Entered createReq
Entered qReq and Locked
Queued request
Entered qReq
Entered createReq and locked
Entered createReq
Entered qReq and Locked
Queued request
Entered qReq
Entered createReq and locked
Entered createReq
Entered qReq and Locked
Queued request
Entered qReq
Entered createReq and locked
Entered createReq
Entered qReq and Locked
Queued request
Entered qReq
Entered createReq and locked
Entered createReq
Entered createReq and locked
Entered createReq
Entered qReq and Locked
Queued request
Entered qReq
Entered createReq and locked
Entered createReq
Entered qReq and Locked
Queued request
Entered qReq
Entered createReq and locked
Entered createReq
Entered qReq and Locked
Queued request
Entered qReq
Entered createReq and locked
Entered createReq
Entered qReq and Locked
Queued request
Entered qReq
Entered createReq and locked
Entered createReq
Entered qReq and Locked
Queued request
Entered qReq
Entered createReq and locked
Entered createReq
Entered qReq and Locked
Queued request
Entered qReq
Entered createReq and locked
Entered createReq
Entered qReq and Locked
Queued request
Entered qReq
Entered createReq and locked
Entered createReq
Entered qReq and Locked
Queued request
Entered qReq
Entered createReq and locked
Entered createReq
Entered qReq and Locked
Queued request
Entered qReq
Entered createReq and locked
Entered createReq
Entered qReq and Locked
Queued request
Entered qReq
Entered createReq and locked
Entered createReq
Entered qReq and Locked
Queued request
Entered qReq
Entered qReq and Locked
Queued request
Entered qReq
Entered qReq and Locked
Entered qReq
Entered qReq and Locked
Entered qReq
Entered createReq and locked
Entered createReq
Entered qReq and Locked
Queued request
Entered qReq
Entered createReq and locked
Entered createReq
Entered qReq and Locked
Queued request
Entered qReq
Entered createReq and locked
Entered createReq
Entered qReq and Locked
Queued request
Entered qReq
Entered createReq and locked
Entered createReq
Entered qReq and Locked
Queued request
Entered qReq
Entered createReq and locked
Entered createReq
Entered qReq and Locked
Queued request
Entered qReq
Entered createReq and locked
Entered createReq
Entered qReq and Locked
Queued request
Entered qReq
Entered createReq and locked
Entered createReq
Entered qReq and Locked
Queued request
Entered qReq
Entered createReq and locked
Entered createReq
Entered qReq and Locked
Queued request
Entered qReq
Entered createReq and locked
Entered createReq
Entered qReq and Locked
Queued request
Entered qReq
Entered createReq and locked
Entered createReq
Entered qReq and Locked
Queued request
Entered qReq
Entered createReq and locked
Entered createReq
Entered createReq and locked
Entered createReq
Entered createReq and locked
Entered createReq
Entered createReq and locked
Entered createReq
Entered createReq and locked
Entered createReq
Entered createReq and locked
Entered createReq
Entered createReq and locked
Entered createReq
Entered createReq and locked
Entered createReq
Entered createReq and locked
Entered createReq
Entered createReq and locked
Entered createReq
Entered createReq and locked
Entered createReq
Entered createReq and locked
Entered createReq
Entered createReq and locked
Entered createReq
Entered createReq and locked
Entered createReq
Entered createReq and locked
Entered createReq
Entered createReq and locked
Entered createReq
Entered createReq and locked
Entered createReq
Entered createReq and locked
Entered createReq
Entered createReq and locked
Entered createReq
Entered createReq and locked
Entered createReq
Entered createReq and locked
Entered createReq
Entered createReq and locked
Entered createReq
Entered createReq and locked
Entered createReq
Entered createReq and locked
Entered createReq
Entered createReq and locked
Entered createReq
Entered createReq and locked
Entered createReq
Entered createReq and locked
Entered createReq
Entered createReq and locked
Entered createReq
Entered createReq and locked
Entered createReq
Entered createReq and locked
Entered createReq
Entered createReq and locked
Entered createReq
Entered createReq and locked
Entered createReq
Entered createReq and locked
Entered createReq
Entered createReq and locked
Entered createReq
Entered createReq and locked
Entered createReq
Entered createReq and locked
Entered createReq
Entered createReq and locked
Entered createReq
Entered createReq and locked
Entered createReq
Entered createReq and locked
Entered createReq
Entered createReq and locked
Entered createReq
Entered qReq and Locked
Queued request
Entered qReq
Entered createReq and locked
Entered createReq
Entered qReq and Locked
Queued request
Entered qReq
Entered createReq and locked
Entered createReq
Entered qReq and Locked
Queued request
Entered qReq
Entered createReq and locked
Entered createReq
Entered qReq and Locked
Queued request
Entered qReq
Entered createReq and locked
Entered createReq
Entered qReq and Locked
Queued request
Entered qReq
Entered createReq and locked
Entered createReq
Entered qReq and Locked
Queued request
Entered qReq
Entered createReq and locked
Entered createReq
Entered qReq and Locked
Queued request
Entered qReq
Entered createReq and locked
Entered createReq
Entered qReq and Locked
Queued request
Entered qReq
Entered createReq and locked
Entered createReq
Entered qReq and Locked
Queued request
Entered qReq
Entered createReq and locked
Entered createReq
Entered qReq and Locked
Queued request
Entered qReq
Entered createReq and locked
Entered createReq
Entered qReq and Locked
Queued request
Entered qReq
Entered createReq and locked
Entered createReq
Entered qReq and Locked
Queued request
Entered qReq
Entered createReq and locked
Entered createReq
Entered qReq and Locked
Queued request
Entered qReq
Entered createReq and locked
Entered createReq
Entered qReq and Locked
Queued request
Entered qReq
Entered createReq and locked
Entered createReq
Entered qReq and Locked
Queued request
Entered qReq
Entered createReq and locked
Entered createReq
Entered qReq and Locked
Queued request
Entered qReq
Entered createReq and locked
Entered createReq
Entered qReq and Locked
Queued request
Entered qReq
Entered createReq and locked
Entered createReq
Entered qReq and Locked
Queued request
Entered qReq
Entered createReq and locked
Entered createReq
Entered qReq and Locked
Queued request
Entered qReq
Entered createReq and locked
Entered createReq
Entered qReq and Locked
Queued request
Entered qReq
Entered createReq and locked
Entered createReq
Entered qReq and Locked
Queued request
Entered qReq
Entered createReq and locked
Entered createReq
Entered qReq and Locked
Queued request
Entered qReq
Entered createReq and locked
Entered createReq
Entered qReq and Locked
Queued request
Entered qReq
Entered createReq and locked
Entered createReq
Entered qReq and Locked
Queued request
Entered qReq
Entered createReq and locked
Entered createReq
Entered qReq and Locked
Queued request
Entered qReq
Entered createReq and locked
Entered createReq
Entered qReq and Locked
Queued request
Entered qReq
Entered createReq and locked
Entered createReq
Entered qReq and Locked
Queued request
Entered qReq
Entered createReq and locked
Entered createReq
Entered qReq and Locked
Queued request
Entered qReq
Entered createReq and locked
Entered createReq
Entered qReq and Locked
Queued request
Entered qReq
Entered createReq and locked
Entered createReq
Entered qReq and Locked
Queued request
Entered qReq
Entered createReq and locked
Entered createReq
Entered qReq and Locked
Queued request
Entered qReq
Entered createReq and locked
Entered createReq
Entered qReq and Locked
Queued request
Entered qReq
Entered qReq and Locked
Queued request
Entered qReq
Entered qReq and Locked
Queued request
Entered qReq
Entered createReq and locked
Entered createReq
Entered qReq and Locked
Queued request
Entered qReq
Entered createReq and locked
Entered createReq
Entered qReq and Locked
Queued request
Entered qReq
Entered createReq and locked
Entered createReq
Entered qReq and Locked
Queued request
Entered qReq
Entered createReq and locked
Entered createReq
Entered qReq and Locked
Queued request
Entered qReq
Entered createReq and locked
Entered createReq
Entered qReq and Locked
Queued request
Entered qReq
Entered createReq and locked
Entered createReq
Entered qReq and Locked
Queued request
Entered qReq
Entered createReq and locked
Entered createReq
Entered qReq and Locked
Queued request
Entered qReq
Entered createReq and locked
Entered createReq
Entered qReq and Locked
Queued request
Entered qReq
Entered createReq and locked
Entered createReq
Entered qReq and Locked
Queued request
Entered qReq
Entered createReq and locked
Entered createReq
Entered qReq and Locked
Queued request
Entered qReq
Entered createReq and locked
Entered createReq
Entered qReq and Locked
Queued request
Entered qReq
Entered createReq and locked
Entered createReq
Entered qReq and Locked
Queued request
Entered qReq
Entered createReq and locked
Entered createReq
Entered qReq and Locked
Queued request
Entered qReq
Entered createReq and locked
Entered createReq
Entered qReq and Locked
Queued request
Entered qReq
Entered createReq and locked
Entered createReq
Entered qReq and Locked
Queued request
Entered qReq
Entered qReq and Locked
Queued request
Entered qReq
Entered qReq and Locked
Entered qReq
Entered createReq and locked
Entered createReq
Entered qReq and Locked
Queued request
Entered qReq
Entered qReq and Locked
Entered qReq
Entered qReq and Locked
Entered qReq
Entered qReq and Locked
Entered qReq
Entered qReq and Locked
Entered qReq
Entered qReq and Locked
Entered qReq
Entered qReq and Locked
Entered qReq
Entered qReq and Locked
Entered qReq
Entered qReq and Locked
Entered qReq
Entered qReq and Locked
Entered qReq
Entered qReq and Locked
Entered qReq
Entered qReq and Locked
Entered qReq
Entered qReq and Locked
Entered qReq
Entered qReq and Locked
Entered qReq
Entered qReq and Locked
Entered qReq
Entered qReq and Locked
Entered qReq
Entered qReq and Locked
Entered qReq
Entered qReq and Locked
Entered qReq
Entered qReq and Locked
Entered qReq
Entered createReq and locked
Entered createReq
Entered qReq and Locked
Queued request
Entered qReq
Entered createReq and locked
Entered createReq
Entered qReq and Locked
Queued request
Entered qReq
Entered createReq and locked
Entered createReq
Entered qReq and Locked
Queued request
Entered qReq
Entered createReq and locked
Entered createReq
Entered qReq and Locked
Queued request
Entered qReq
Entered createReq and locked
Entered createReq
Entered qReq and Locked
Queued request
Entered qReq
Entered createReq and locked
Entered createReq
Entered qReq and Locked
Queued request
Entered qReq
Entered createReq and locked
Entered createReq
Entered qReq and Locked
Queued request
Entered qReq
Entered createReq and locked
Entered createReq
Entered qReq and Locked
Queued request
Entered qReq
Entered createReq and locked
Entered createReq
Entered qReq and Locked
Queued request
Entered qReq
Entered createReq and locked
Entered createReq
Entered qReq and Locked
Queued request
Entered qReq
Entered createReq and locked
Entered createReq
Entered qReq and Locked
Queued request
Entered qReq
Entered createReq and locked
Entered createReq
Entered qReq and Locked
Queued request
Entered qReq
Entered createReq and locked
Entered createReq
Entered qReq and Locked
Queued request
Entered qReq
Entered createReq and locked
Entered createReq
Entered qReq and Locked
Queued request
Entered qReq
Entered createReq and locked
Entered createReq
Entered qReq and Locked
Queued request
Entered qReq
Entered createReq and locked
Entered createReq
Entered qReq and Locked
Queued request
Entered qReq
Entered createReq and locked
Entered createReq
Entered qReq and Locked
Queued request
Entered qReq
Entered createReq and locked
Entered createReq
Entered qReq and Locked
Queued request
Entered qReq
Entered createReq and locked
Entered createReq
Entered qReq and Locked
Queued request
Entered qReq
Entered createReq and locked
Entered createReq
Entered qReq and Locked
Queued request
Entered qReq
Entered createReq and locked
Entered createReq
Entered qReq and Locked
Queued request
Entered qReq
Entered createReq and locked
Entered createReq
Entered qReq and Locked
Queued request
Entered qReq
Entered createReq and locked
Entered createReq
Entered qReq and Locked
Queued request
Entered qReq
Entered createReq and locked
Entered createReq
Entered qReq and Locked
Queued request
Entered qReq
Entered createReq and locked
Entered createReq
Entered qReq and Locked
Queued request
Entered qReq
Entered createReq and locked
Entered createReq
Entered qReq and Locked
Queued request
Entered qReq
Entered createReq and locked
Entered createReq
Entered qReq and Locked
Queued request
Entered qReq
Entered createReq and locked
Entered createReq
Entered qReq and Locked
Queued request
Entered qReq
Entered createReq and locked
Entered createReq
Entered qReq and Locked
Queued request
Entered qReq
Entered createReq and locked
Entered createReq
Entered qReq and Locked
Queued request
Entered qReq
Entered createReq and locked
Entered createReq
Entered qReq and Locked
Queued request
Entered qReq
Entered createReq and locked
Entered createReq
Entered qReq and Locked
Queued request
Entered qReq
Entered createReq and locked
Entered createReq
Entered qReq and Locked
Queued request
Entered qReq
Entered createReq and locked
Entered createReq
Entered qReq and Locked
Queued request
Entered qReq
Entered createReq and locked
Entered createReq
Entered qReq and Locked
Queued request
Entered qReq
Entered createReq and locked
Entered createReq
Entered qReq and Locked
Queued request
Entered qReq
Entered createReq and locked
Entered createReq
Entered qReq and Locked
Queued request
Entered qReq
Entered createReq and locked
Entered createReq
Entered qReq and Locked
Queued request
Entered qReq
Entered createReq and locked
Entered createReq
Entered createReq and locked
Entered createReq
Entered createReq and locked
Entered createReq
Entered createReq and locked
Entered createReq
Entered createReq and locked
Entered createReq
Entered createReq and locked
Entered createReq
Entered createReq and locked
Entered createReq
Entered createReq and locked
Entered createReq
Entered createReq and locked
Entered createReq
Entered createReq and locked
Entered createReq
Entered createReq and locked
Entered createReq
Entered createReq and locked
Entered createReq
Entered createReq and locked
Entered createReq
Entered createReq and locked
Entered createReq
Entered createReq and locked
Entered createReq
Entered createReq and locked
Entered createReq
Entered createReq and locked
Entered createReq
Entered createReq and locked
Entered createReq
Entered createReq and locked
Entered createReq
Entered createReq and locked
Entered createReq
Entered createReq and locked
Entered createReq
Entered createReq and locked
Entered createReq
Entered createReq and locked
Entered createReq
Entered createReq and locked
Entered createReq
Entered createReq and locked
Entered createReq
Entered createReq and locked
Entered createReq
Entered createReq and locked
Entered createReq
Entered createReq and locked
Entered createReq
Entered createReq and locked
Entered createReq
Entered createReq and locked
Entered createReq
Entered createReq and locked
Entered createReq
Entered createReq and locked
Entered createReq
Entered createReq and locked
Entered createReq
Entered createReq and locked
Entered createReq
Entered createReq and locked
Entered createReq
Entered createReq and locked
Entered createReq
Entered createReq and locked
Entered createReq
Entered createReq and locked
Entered createReq
Entered createReq and locked
Entered createReq
Entered createReq and locked
Entered createReq
Entered createReq and locked
Entered createReq
Entered createReq and locked
Entered createReq
Entered createReq and locked
Entered createReq
Entered createReq and locked
Entered createReq
Entered createReq and locked
Entered createReq
Entered createReq and locked
Entered createReq
Entered createReq and locked
Entered createReq
Entered createReq and locked
Entered createReq
Entered createReq and locked
Entered createReq
Entered createReq and locked
Entered createReq
Entered createReq and locked
Entered createReq
Entered createReq and locked
Entered createReq
Entered createReq and locked
Entered createReq
Entered createReq and locked
Entered createReq
Entered createReq and locked
Entered createReq
Entered createReq and locked
Entered createReq
Entered createReq and locked
Entered createReq
Entered createReq and locked
Entered createReq
Entered createReq and locked
Entered createReq
Entered createReq and locked
Entered createReq
Entered createReq and locked
Entered createReq
Entered createReq and locked
Entered createReq
Entered createReq and locked
Entered createReq
Entered createReq and locked
Entered createReq
Entered createReq and locked
Entered createReq
Entered createReq and locked
Entered createReq
Entered createReq and locked
Entered createReq
Entered createReq and locked
Entered createReq
Entered createReq and locked
Entered createReq
Entered createReq and locked
Entered createReq
Entered createReq and locked
Entered createReq
Entered createReq and locked
Entered createReq
Entered createReq and locked
Entered createReq
Entered createReq and locked
Entered createReq
Entered createReq and locked
Entered createReq
Entered createReq and locked
Entered createReq
Entered createReq and locked
Entered createReq
Entered createReq and locked
Entered createReq
Entered createReq and locked
Entered createReq
Entered createReq and locked
Entered createReq
Entered createReq and locked
Entered createReq
Entered createReq and locked
Entered createReq
Entered createReq and locked
Entered createReq
Entered createReq and locked
Entered createReq
Entered createReq and locked
Entered createReq
Entered createReq and locked
Entered createReq
Entered createReq and locked
Entered createReq
Entered createReq and locked
Entered createReq
Entered createReq and locked
Entered createReq
Entered createReq and locked
Entered createReq
Entered createReq and locked
Entered createReq
Entered createReq and locked
Entered createReq
Entered createReq and locked
Entered createReq
Entered createReq and locked
Entered createReq
Entered createReq and locked
Entered createReq
Entered createReq and locked
Entered createReq
Entered createReq and locked
Entered createReq
Entered createReq and locked
Entered createReq
Entered createReq and locked
Entered createReq
Entered createReq and locked
Entered createReq
Entered createReq and locked
Entered createReq
Entered createReq and locked
Entered createReq
Entered createReq and locked
Entered createReq
Entered createReq and locked
Entered createReq
Entered createReq and locked
Entered createReq
Entered createReq and locked
Entered createReq
Entered createReq and locked
Entered createReq
Entered createReq and locked
Entered createReq
Entered createReq and locked
Entered createReq
Entered createReq and locked
Backtrace:
libcamera::PipelineHandler::completeRequest(libcamera::Request*)+0x153 (../src/libcamera/pipeline_handler.cpp:501)
libcamera::PipelineHandler::doQueueRequest(libcamera::Request*)+0xad (../src/libcamera/pipeline_handler.cpp:404)
libcamera::PipelineHandler::doQueueRequests()+0x6c (../src/libcamera/pipeline_handler.cpp:428)
libcamera::BoundMethodMember<libcamera::PipelineHandler, void>::invoke()+0x74 (../include/libcamera/base/bound_method.h:191)
std::enable_if<std::is_void<void>::value, void>::type libcamera::BoundMethodArgs<void>::invokePack<, void>(libcamera::BoundMethodPackBase*, std::integer_sequence<unsigned long>)+0x33 (../include/libcamera/base/bound_method.h:116)
libcamera::BoundMethodArgs<void>::invokePack(libcamera::BoundMethodPackBase*)+0x27 (../include/libcamera/base/bound_method.h:125)
libcamera::BoundMethodBase::activatePack(std::shared_ptr<libcamera::BoundMethodPackBase>, bool)+0x109 (../src/libcamera/base/bound_method.cpp:85)
libcamera::BoundMethodMember<libcamera::PipelineHandler, void>::activate(bool)+0xd7 (../include/libcamera/base/bound_method.h:184)
libcamera::Signal<>::emit()+0xa1 (../include/libcamera/base/signal.h:144)
libcamera::Request::Private::emitPrepareCompleted()+0x28 (../src/libcamera/request.cpp:181)
libcamera::Request::Private::prepare(std::chrono::duration<long, std::ratio<1l, 1000l> >)+0x17c (../src/libcamera/request.cpp:234)
libcamera::PipelineHandler::queueRequest(libcamera::Request*)+0x5a (../src/libcamera/pipeline_handler.cpp:387)
libcamera::BoundMethodMember<libcamera::PipelineHandler, void, libcamera::Request*>::invoke(libcamera::Request*)+0x7f (../include/libcamera/base/bound_method.h:191)
std::enable_if<std::is_void<void>::value, void>::type libcamera::BoundMethodArgs<void, libcamera::Request*>::invokePack<0ul, void>(libcamera::BoundMethodPackBase*, std::integer_sequence<unsigned long, 0ul>)+0x4a (/usr/local/include/libcamera/libcamera/base/bound_method.h:116)
libcamera::BoundMethodArgs<void, libcamera::Request*>::invokePack(libcamera::BoundMethodPackBase*)+0x27 (/usr/local/include/libcamera/libcamera/base/bound_method.h:125)
libcamera::InvokeMessage::invoke()+0x46 (../src/libcamera/base/message.cpp:154)
libcamera::Object::message(libcamera::Message*)+0x50 (../src/libcamera/base/object.cpp:196)
libcamera::Thread::dispatchMessages(libcamera::Message::Type)+0x301 (../src/libcamera/base/thread.cpp:628)
libcamera::EventDispatcherPoll::processEvents()+0x38 (../src/libcamera/base/event_dispatcher_poll.cpp:150)
libcamera::Thread::exec()+0x8e (../src/libcamera/base/thread.cpp:340)
libcamera::CameraManager::Private::run()+0x109 (../src/libcamera/camera_manager.cpp:122)
libcamera::Thread::startThread()+0xe9 (../src/libcamera/base/thread.cpp:320)
void std::__invoke_impl<void, void (libcamera::Thread::*)(), libcamera::Thread*>(std::__invoke_memfun_deref, void (libcamera::Thread::*&&)(), libcamera::Thread*&&)+0x6a (/usr/include/c++/9/bits/invoke.h:73)
std::__invoke_result<void (libcamera::Thread::*)(), libcamera::Thread*>::type std::__invoke<void (libcamera::Thread::*)(), libcamera::Thread*>(void (libcamera::Thread::*&&)(), libcamera::Thread*&&)+0x3b (/usr/include/c++/9/bits/invoke.h:96)
void std::thread::_Invoker<std::tuple<void (libcamera::Thread::*)(), libcamera::Thread*> >::_M_invoke<0ul, 1ul>(std::_Index_tuple<0ul, 1ul>)+0x47 (/usr/include/c++/9/thread:244)
std::thread::_Invoker<std::tuple<void (libcamera::Thread::*)(), libcamera::Thread*> >::operator()()+0x1c (/usr/include/c++/9/thread:252)
std::thread::_State_impl<std::thread::_Invoker<std::tuple<void (libcamera::Thread::*)(), libcamera::Thread*> > >::_M_run()+0x20 (/usr/include/c++/9/thread:195)
??? [0x00007f6600fa7de4] (/usr/lib/x86_64-linux-gnu/libstdc++.so.6.0.28 [0x00007f6600fa7de4])
start_thread+0xd9 (/build/glibc-sMfBJT/glibc-2.31/nptl/pthread_create.c:478)
__clone+0x43 (../sysdeps/unix/sysv/linux/x86_64/clone.S:97)
Entered createReq
Entered qReq and Locked
Aborted (core dumped)